[debug] [2018-04-13T02:00:48.151Z] ----------------------------------------------------------------------
[debug] [2018-04-13T02:00:48.152Z] Command:       /usr/local/bin/node /usr/local/bin/firebase serve
[debug] [2018-04-13T02:00:48.153Z] CLI Version:   3.18.2
[debug] [2018-04-13T02:00:48.153Z] Platform:      darwin
[debug] [2018-04-13T02:00:48.153Z] Node Version:  v8.9.4
[debug] [2018-04-13T02:00:48.153Z] Time:          Thu Apr 12 2018 22:00:48 GMT-0400 (EDT)
[debug] [2018-04-13T02:00:48.153Z] ----------------------------------------------------------------------
[debug] 
[debug] [2018-04-13T02:00:48.162Z] > command requires scopes: ["email","openid","https://www.googleapis.com/auth/cloudplatformprojects.readonly","https://www.googleapis.com/auth/firebase","https://www.googleapis.com/auth/cloud-platform"]
[debug] [2018-04-13T02:00:48.162Z] > authorizing via signed-in user
[debug] [2018-04-13T02:00:48.164Z] >>> HTTP REQUEST GET https://admin.firebase.com/v1/projects/final-project-d569c  
  
 Thu Apr 12 2018 22:00:48 GMT-0400 (EDT)
[debug] [2018-04-13T02:00:48.575Z] <<< HTTP RESPONSE 200
[debug] [2018-04-13T02:00:48.576Z] >>> HTTP REQUEST GET https://admin.firebase.com/v1/database/final-project-d569c/tokens  
  
 Thu Apr 12 2018 22:00:48 GMT-0400 (EDT)
[debug] [2018-04-13T02:00:48.951Z] <<< HTTP RESPONSE 200
[debug] [2018-04-13T02:00:48.952Z] >>> HTTP REQUEST GET https://cloudresourcemanager.googleapis.com/v1/projects/final-project-d569c  
  
 Thu Apr 12 2018 22:00:48 GMT-0400 (EDT)
[debug] [2018-04-13T02:00:49.349Z] <<< HTTP RESPONSE 200
[info] 
[info] === Serving from '/Users/jessiejohn/Documents/GA_JSD/jessiejohn.github.io/Final-Project'...
[info] 
[debug] [2018-04-13T02:00:49.351Z] >>> HTTP REQUEST GET https://mobilesdk-pa.googleapis.com/v1/projects/634810171797/clients/_:getWebAppConfig  
  
 Thu Apr 12 2018 22:00:49 GMT-0400 (EDT)
[debug] [2018-04-13T02:00:49.924Z] <<< HTTP RESPONSE 200
[info] i  hosting: Serving hosting files from: public
[info] ✔  hosting: Local server: http://localhost:5000

